<?xml version="1.0" encoding="UTF-8"?>
<testsuite xmlns:xsi="http://www.w3.org/2001/XMLSchema-instance" xsi:noNamespaceSchemaLocation="https://maven.apache.org/surefire/maven-surefire-plugin/xsd/surefire-test-report-3.0.xsd" version="3.0" name="com.example.taihovue.TaihoVueApplicationTests" time="2.1" tests="1" errors="0" skipped="0" failures="0">
  <properties>
    <property name="java.specification.version" value="17"/>
    <property name="sun.jnu.encoding" value="UTF-8"/>
    <property name="java.class.path" value="/persistent/home/zhangchenxu/IdeaProjects/taiho-Vue/target/test-classes:/persistent/home/zhangchenxu/IdeaProjects/taiho-Vue/target/classes:/home/zhangchenxu/apache-maven-3.9.6/repo/org/springframework/boot/spring-boot-starter-web/3.2.4/spring-boot-starter-web-3.2.4.jar:/home/zhangchenxu/apache-maven-3.9.6/repo/org/springframework/boot/spring-boot-starter/3.2.4/spring-boot-starter-3.2.4.jar:/home/zhangchenxu/apache-maven-3.9.6/repo/org/springframework/boot/spring-boot/3.2.4/spring-boot-3.2.4.jar:/home/zhangchenxu/apache-maven-3.9.6/repo/org/springframework/boot/spring-boot-autoconfigure/3.2.4/spring-boot-autoconfigure-3.2.4.jar:/home/zhangchenxu/apache-maven-3.9.6/repo/org/springframework/boot/spring-boot-starter-logging/3.2.4/spring-boot-starter-logging-3.2.4.jar:/home/zhangchenxu/apache-maven-3.9.6/repo/ch/qos/logback/logback-classic/1.4.14/logback-classic-1.4.14.jar:/home/zhangchenxu/apache-maven-3.9.6/repo/ch/qos/logback/logback-core/1.4.14/logback-core-1.4.14.jar:/home/zhangchenxu/apache-maven-3.9.6/repo/org/apache/logging/log4j/log4j-to-slf4j/2.21.1/log4j-to-slf4j-2.21.1.jar:/home/zhangchenxu/apache-maven-3.9.6/repo/org/apache/logging/log4j/log4j-api/2.21.1/log4j-api-2.21.1.jar:/home/zhangchenxu/apache-maven-3.9.6/repo/org/slf4j/jul-to-slf4j/2.0.12/jul-to-slf4j-2.0.12.jar:/home/zhangchenxu/apache-maven-3.9.6/repo/jakarta/annotation/jakarta.annotation-api/2.1.1/jakarta.annotation-api-2.1.1.jar:/home/zhangchenxu/apache-maven-3.9.6/repo/org/yaml/snakeyaml/2.2/snakeyaml-2.2.jar:/home/zhangchenxu/apache-maven-3.9.6/repo/org/springframework/boot/spring-boot-starter-json/3.2.4/spring-boot-starter-json-3.2.4.jar:/home/zhangchenxu/apache-maven-3.9.6/repo/com/fasterxml/jackson/core/jackson-databind/2.15.4/jackson-databind-2.15.4.jar:/home/zhangchenxu/apache-maven-3.9.6/repo/com/fasterxml/jackson/core/jackson-annotations/2.15.4/jackson-annotations-2.15.4.jar:/home/zhangchenxu/apache-maven-3.9.6/repo/com/fasterxml/jackson/core/jackson-core/2.15.4/jackson-core-2.15.4.jar:/home/zhangchenxu/apache-maven-3.9.6/repo/com/fasterxml/jackson/datatype/jackson-datatype-jdk8/2.15.4/jackson-datatype-jdk8-2.15.4.jar:/home/zhangchenxu/apache-maven-3.9.6/repo/com/fasterxml/jackson/datatype/jackson-datatype-jsr310/2.15.4/jackson-datatype-jsr310-2.15.4.jar:/home/zhangchenxu/apache-maven-3.9.6/repo/com/fasterxml/jackson/module/jackson-module-parameter-names/2.15.4/jackson-module-parameter-names-2.15.4.jar:/home/zhangchenxu/apache-maven-3.9.6/repo/org/springframework/boot/spring-boot-starter-tomcat/3.2.4/spring-boot-starter-tomcat-3.2.4.jar:/home/zhangchenxu/apache-maven-3.9.6/repo/org/apache/tomcat/embed/tomcat-embed-core/10.1.19/tomcat-embed-core-10.1.19.jar:/home/zhangchenxu/apache-maven-3.9.6/repo/org/apache/tomcat/embed/tomcat-embed-el/10.1.19/tomcat-embed-el-10.1.19.jar:/home/zhangchenxu/apache-maven-3.9.6/repo/org/apache/tomcat/embed/tomcat-embed-websocket/10.1.19/tomcat-embed-websocket-10.1.19.jar:/home/zhangchenxu/apache-maven-3.9.6/repo/org/springframework/spring-web/6.1.5/spring-web-6.1.5.jar:/home/zhangchenxu/apache-maven-3.9.6/repo/org/springframework/spring-beans/6.1.5/spring-beans-6.1.5.jar:/home/zhangchenxu/apache-maven-3.9.6/repo/io/micrometer/micrometer-observation/1.12.4/micrometer-observation-1.12.4.jar:/home/zhangchenxu/apache-maven-3.9.6/repo/io/micrometer/micrometer-commons/1.12.4/micrometer-commons-1.12.4.jar:/home/zhangchenxu/apache-maven-3.9.6/repo/org/springframework/spring-webmvc/6.1.5/spring-webmvc-6.1.5.jar:/home/zhangchenxu/apache-maven-3.9.6/repo/org/springframework/spring-aop/6.1.5/spring-aop-6.1.5.jar:/home/zhangchenxu/apache-maven-3.9.6/repo/org/springframework/spring-context/6.1.5/spring-context-6.1.5.jar:/home/zhangchenxu/apache-maven-3.9.6/repo/org/springframework/spring-expression/6.1.5/spring-expression-6.1.5.jar:/home/zhangchenxu/apache-maven-3.9.6/repo/org/mybatis/spring/boot/mybatis-spring-boot-starter/3.0.3/mybatis-spring-boot-starter-3.0.3.jar:/home/zhangchenxu/apache-maven-3.9.6/repo/org/springframework/boot/spring-boot-starter-jdbc/3.2.4/spring-boot-starter-jdbc-3.2.4.jar:/home/zhangchenxu/apache-maven-3.9.6/repo/com/zaxxer/HikariCP/5.0.1/HikariCP-5.0.1.jar:/home/zhangchenxu/apache-maven-3.9.6/repo/org/springframework/spring-jdbc/6.1.5/spring-jdbc-6.1.5.jar:/home/zhangchenxu/apache-maven-3.9.6/repo/org/mybatis/spring/boot/mybatis-spring-boot-autoconfigure/3.0.3/mybatis-spring-boot-autoconfigure-3.0.3.jar:/home/zhangchenxu/apache-maven-3.9.6/repo/org/mybatis/mybatis/3.5.14/mybatis-3.5.14.jar:/home/zhangchenxu/apache-maven-3.9.6/repo/org/mybatis/mybatis-spring/3.0.3/mybatis-spring-3.0.3.jar:/home/zhangchenxu/apache-maven-3.9.6/repo/org/postgresql/postgresql/42.6.2/postgresql-42.6.2.jar:/home/zhangchenxu/apache-maven-3.9.6/repo/org/checkerframework/checker-qual/3.31.0/checker-qual-3.31.0.jar:/home/zhangchenxu/apache-maven-3.9.6/repo/org/springframework/boot/spring-boot-starter-test/3.2.4/spring-boot-starter-test-3.2.4.jar:/home/zhangchenxu/apache-maven-3.9.6/repo/org/springframework/boot/spring-boot-test/3.2.4/spring-boot-test-3.2.4.jar:/home/zhangchenxu/apache-maven-3.9.6/repo/org/springframework/boot/spring-boot-test-autoconfigure/3.2.4/spring-boot-test-autoconfigure-3.2.4.jar:/home/zhangchenxu/apache-maven-3.9.6/repo/com/jayway/jsonpath/json-path/2.9.0/json-path-2.9.0.jar:/home/zhangchenxu/apache-maven-3.9.6/repo/org/slf4j/slf4j-api/2.0.12/slf4j-api-2.0.12.jar:/home/zhangchenxu/apache-maven-3.9.6/repo/jakarta/xml/bind/jakarta.xml.bind-api/4.0.2/jakarta.xml.bind-api-4.0.2.jar:/home/zhangchenxu/apache-maven-3.9.6/repo/jakarta/activation/jakarta.activation-api/2.1.3/jakarta.activation-api-2.1.3.jar:/home/zhangchenxu/apache-maven-3.9.6/repo/net/minidev/json-smart/2.5.0/json-smart-2.5.0.jar:/home/zhangchenxu/apache-maven-3.9.6/repo/net/minidev/accessors-smart/2.5.0/accessors-smart-2.5.0.jar:/home/zhangchenxu/apache-maven-3.9.6/repo/org/ow2/asm/asm/9.3/asm-9.3.jar:/home/zhangchenxu/apache-maven-3.9.6/repo/org/assertj/assertj-core/3.24.2/assertj-core-3.24.2.jar:/home/zhangchenxu/apache-maven-3.9.6/repo/net/bytebuddy/byte-buddy/1.14.12/byte-buddy-1.14.12.jar:/home/zhangchenxu/apache-maven-3.9.6/repo/org/awaitility/awaitility/4.2.0/awaitility-4.2.0.jar:/home/zhangchenxu/apache-maven-3.9.6/repo/org/hamcrest/hamcrest/2.2/hamcrest-2.2.jar:/home/zhangchenxu/apache-maven-3.9.6/repo/org/junit/jupiter/junit-jupiter/5.10.2/junit-jupiter-5.10.2.jar:/home/zhangchenxu/apache-maven-3.9.6/repo/org/junit/jupiter/junit-jupiter-api/5.10.2/junit-jupiter-api-5.10.2.jar:/home/zhangchenxu/apache-maven-3.9.6/repo/org/opentest4j/opentest4j/1.3.0/opentest4j-1.3.0.jar:/home/zhangchenxu/apache-maven-3.9.6/repo/org/junit/platform/junit-platform-commons/1.10.2/junit-platform-commons-1.10.2.jar:/home/zhangchenxu/apache-maven-3.9.6/repo/org/apiguardian/apiguardian-api/1.1.2/apiguardian-api-1.1.2.jar:/home/zhangchenxu/apache-maven-3.9.6/repo/org/junit/jupiter/junit-jupiter-params/5.10.2/junit-jupiter-params-5.10.2.jar:/home/zhangchenxu/apache-maven-3.9.6/repo/org/junit/jupiter/junit-jupiter-engine/5.10.2/junit-jupiter-engine-5.10.2.jar:/home/zhangchenxu/apache-maven-3.9.6/repo/org/junit/platform/junit-platform-engine/1.10.2/junit-platform-engine-1.10.2.jar:/home/zhangchenxu/apache-maven-3.9.6/repo/org/mockito/mockito-core/5.7.0/mockito-core-5.7.0.jar:/home/zhangchenxu/apache-maven-3.9.6/repo/net/bytebuddy/byte-buddy-agent/1.14.12/byte-buddy-agent-1.14.12.jar:/home/zhangchenxu/apache-maven-3.9.6/repo/org/objenesis/objenesis/3.3/objenesis-3.3.jar:/home/zhangchenxu/apache-maven-3.9.6/repo/org/mockito/mockito-junit-jupiter/5.7.0/mockito-junit-jupiter-5.7.0.jar:/home/zhangchenxu/apache-maven-3.9.6/repo/org/skyscreamer/jsonassert/1.5.1/jsonassert-1.5.1.jar:/home/zhangchenxu/apache-maven-3.9.6/repo/com/vaadin/external/google/android-json/0.0.20131108.vaadin1/android-json-0.0.20131108.vaadin1.jar:/home/zhangchenxu/apache-maven-3.9.6/repo/org/springframework/spring-core/6.1.5/spring-core-6.1.5.jar:/home/zhangchenxu/apache-maven-3.9.6/repo/org/springframework/spring-jcl/6.1.5/spring-jcl-6.1.5.jar:/home/zhangchenxu/apache-maven-3.9.6/repo/org/springframework/spring-test/6.1.5/spring-test-6.1.5.jar:/home/zhangchenxu/apache-maven-3.9.6/repo/org/xmlunit/xmlunit-core/2.9.1/xmlunit-core-2.9.1.jar:/home/zhangchenxu/apache-maven-3.9.6/repo/org/mybatis/spring/boot/mybatis-spring-boot-starter-test/3.0.3/mybatis-spring-boot-starter-test-3.0.3.jar:/home/zhangchenxu/apache-maven-3.9.6/repo/org/mybatis/spring/boot/mybatis-spring-boot-test-autoconfigure/3.0.3/mybatis-spring-boot-test-autoconfigure-3.0.3.jar:/home/zhangchenxu/apache-maven-3.9.6/repo/org/springframework/spring-tx/6.1.5/spring-tx-6.1.5.jar:/home/zhangchenxu/apache-maven-3.9.6/repo/org/projectlombok/lombok/1.18.30/lombok-1.18.30.jar:"/>
    <property name="java.vm.vendor" value="Deepin"/>
    <property name="sun.arch.data.model" value="64"/>
    <property name="java.vendor.url" value="Unknown"/>
    <property name="user.timezone" value="Asia/Shanghai"/>
    <property name="os.name" value="Linux"/>
    <property name="java.vm.specification.version" value="17"/>
    <property name="sun.java.launcher" value="SUN_STANDARD"/>
    <property name="user.country" value="CN"/>
    <property name="sun.boot.library.path" value="/usr/lib/jvm/java-17-openjdk-amd64/lib"/>
    <property name="sun.java.command" value="/persistent/home/zhangchenxu/IdeaProjects/taiho-Vue/target/surefire/surefirebooter-20240407210434461_3.jar /persistent/home/zhangchenxu/IdeaProjects/taiho-Vue/target/surefire 2024-04-07T21-04-34_394-jvmRun1 surefire-20240407210434461_1tmp surefire_0-20240407210434461_2tmp"/>
    <property name="jdk.debug" value="release"/>
    <property name="surefire.test.class.path" value="/persistent/home/zhangchenxu/IdeaProjects/taiho-Vue/target/test-classes:/persistent/home/zhangchenxu/IdeaProjects/taiho-Vue/target/classes:/home/zhangchenxu/apache-maven-3.9.6/repo/org/springframework/boot/spring-boot-starter-web/3.2.4/spring-boot-starter-web-3.2.4.jar:/home/zhangchenxu/apache-maven-3.9.6/repo/org/springframework/boot/spring-boot-starter/3.2.4/spring-boot-starter-3.2.4.jar:/home/zhangchenxu/apache-maven-3.9.6/repo/org/springframework/boot/spring-boot/3.2.4/spring-boot-3.2.4.jar:/home/zhangchenxu/apache-maven-3.9.6/repo/org/springframework/boot/spring-boot-autoconfigure/3.2.4/spring-boot-autoconfigure-3.2.4.jar:/home/zhangchenxu/apache-maven-3.9.6/repo/org/springframework/boot/spring-boot-starter-logging/3.2.4/spring-boot-starter-logging-3.2.4.jar:/home/zhangchenxu/apache-maven-3.9.6/repo/ch/qos/logback/logback-classic/1.4.14/logback-classic-1.4.14.jar:/home/zhangchenxu/apache-maven-3.9.6/repo/ch/qos/logback/logback-core/1.4.14/logback-core-1.4.14.jar:/home/zhangchenxu/apache-maven-3.9.6/repo/org/apache/logging/log4j/log4j-to-slf4j/2.21.1/log4j-to-slf4j-2.21.1.jar:/home/zhangchenxu/apache-maven-3.9.6/repo/org/apache/logging/log4j/log4j-api/2.21.1/log4j-api-2.21.1.jar:/home/zhangchenxu/apache-maven-3.9.6/repo/org/slf4j/jul-to-slf4j/2.0.12/jul-to-slf4j-2.0.12.jar:/home/zhangchenxu/apache-maven-3.9.6/repo/jakarta/annotation/jakarta.annotation-api/2.1.1/jakarta.annotation-api-2.1.1.jar:/home/zhangchenxu/apache-maven-3.9.6/repo/org/yaml/snakeyaml/2.2/snakeyaml-2.2.jar:/home/zhangchenxu/apache-maven-3.9.6/repo/org/springframework/boot/spring-boot-starter-json/3.2.4/spring-boot-starter-json-3.2.4.jar:/home/zhangchenxu/apache-maven-3.9.6/repo/com/fasterxml/jackson/core/jackson-databind/2.15.4/jackson-databind-2.15.4.jar:/home/zhangchenxu/apache-maven-3.9.6/repo/com/fasterxml/jackson/core/jackson-annotations/2.15.4/jackson-annotations-2.15.4.jar:/home/zhangchenxu/apache-maven-3.9.6/repo/com/fasterxml/jackson/core/jackson-core/2.15.4/jackson-core-2.15.4.jar:/home/zhangchenxu/apache-maven-3.9.6/repo/com/fasterxml/jackson/datatype/jackson-datatype-jdk8/2.15.4/jackson-datatype-jdk8-2.15.4.jar:/home/zhangchenxu/apache-maven-3.9.6/repo/com/fasterxml/jackson/datatype/jackson-datatype-jsr310/2.15.4/jackson-datatype-jsr310-2.15.4.jar:/home/zhangchenxu/apache-maven-3.9.6/repo/com/fasterxml/jackson/module/jackson-module-parameter-names/2.15.4/jackson-module-parameter-names-2.15.4.jar:/home/zhangchenxu/apache-maven-3.9.6/repo/org/springframework/boot/spring-boot-starter-tomcat/3.2.4/spring-boot-starter-tomcat-3.2.4.jar:/home/zhangchenxu/apache-maven-3.9.6/repo/org/apache/tomcat/embed/tomcat-embed-core/10.1.19/tomcat-embed-core-10.1.19.jar:/home/zhangchenxu/apache-maven-3.9.6/repo/org/apache/tomcat/embed/tomcat-embed-el/10.1.19/tomcat-embed-el-10.1.19.jar:/home/zhangchenxu/apache-maven-3.9.6/repo/org/apache/tomcat/embed/tomcat-embed-websocket/10.1.19/tomcat-embed-websocket-10.1.19.jar:/home/zhangchenxu/apache-maven-3.9.6/repo/org/springframework/spring-web/6.1.5/spring-web-6.1.5.jar:/home/zhangchenxu/apache-maven-3.9.6/repo/org/springframework/spring-beans/6.1.5/spring-beans-6.1.5.jar:/home/zhangchenxu/apache-maven-3.9.6/repo/io/micrometer/micrometer-observation/1.12.4/micrometer-observation-1.12.4.jar:/home/zhangchenxu/apache-maven-3.9.6/repo/io/micrometer/micrometer-commons/1.12.4/micrometer-commons-1.12.4.jar:/home/zhangchenxu/apache-maven-3.9.6/repo/org/springframework/spring-webmvc/6.1.5/spring-webmvc-6.1.5.jar:/home/zhangchenxu/apache-maven-3.9.6/repo/org/springframework/spring-aop/6.1.5/spring-aop-6.1.5.jar:/home/zhangchenxu/apache-maven-3.9.6/repo/org/springframework/spring-context/6.1.5/spring-context-6.1.5.jar:/home/zhangchenxu/apache-maven-3.9.6/repo/org/springframework/spring-expression/6.1.5/spring-expression-6.1.5.jar:/home/zhangchenxu/apache-maven-3.9.6/repo/org/mybatis/spring/boot/mybatis-spring-boot-starter/3.0.3/mybatis-spring-boot-starter-3.0.3.jar:/home/zhangchenxu/apache-maven-3.9.6/repo/org/springframework/boot/spring-boot-starter-jdbc/3.2.4/spring-boot-starter-jdbc-3.2.4.jar:/home/zhangchenxu/apache-maven-3.9.6/repo/com/zaxxer/HikariCP/5.0.1/HikariCP-5.0.1.jar:/home/zhangchenxu/apache-maven-3.9.6/repo/org/springframework/spring-jdbc/6.1.5/spring-jdbc-6.1.5.jar:/home/zhangchenxu/apache-maven-3.9.6/repo/org/mybatis/spring/boot/mybatis-spring-boot-autoconfigure/3.0.3/mybatis-spring-boot-autoconfigure-3.0.3.jar:/home/zhangchenxu/apache-maven-3.9.6/repo/org/mybatis/mybatis/3.5.14/mybatis-3.5.14.jar:/home/zhangchenxu/apache-maven-3.9.6/repo/org/mybatis/mybatis-spring/3.0.3/mybatis-spring-3.0.3.jar:/home/zhangchenxu/apache-maven-3.9.6/repo/org/postgresql/postgresql/42.6.2/postgresql-42.6.2.jar:/home/zhangchenxu/apache-maven-3.9.6/repo/org/checkerframework/checker-qual/3.31.0/checker-qual-3.31.0.jar:/home/zhangchenxu/apache-maven-3.9.6/repo/org/springframework/boot/spring-boot-starter-test/3.2.4/spring-boot-starter-test-3.2.4.jar:/home/zhangchenxu/apache-maven-3.9.6/repo/org/springframework/boot/spring-boot-test/3.2.4/spring-boot-test-3.2.4.jar:/home/zhangchenxu/apache-maven-3.9.6/repo/org/springframework/boot/spring-boot-test-autoconfigure/3.2.4/spring-boot-test-autoconfigure-3.2.4.jar:/home/zhangchenxu/apache-maven-3.9.6/repo/com/jayway/jsonpath/json-path/2.9.0/json-path-2.9.0.jar:/home/zhangchenxu/apache-maven-3.9.6/repo/org/slf4j/slf4j-api/2.0.12/slf4j-api-2.0.12.jar:/home/zhangchenxu/apache-maven-3.9.6/repo/jakarta/xml/bind/jakarta.xml.bind-api/4.0.2/jakarta.xml.bind-api-4.0.2.jar:/home/zhangchenxu/apache-maven-3.9.6/repo/jakarta/activation/jakarta.activation-api/2.1.3/jakarta.activation-api-2.1.3.jar:/home/zhangchenxu/apache-maven-3.9.6/repo/net/minidev/json-smart/2.5.0/json-smart-2.5.0.jar:/home/zhangchenxu/apache-maven-3.9.6/repo/net/minidev/accessors-smart/2.5.0/accessors-smart-2.5.0.jar:/home/zhangchenxu/apache-maven-3.9.6/repo/org/ow2/asm/asm/9.3/asm-9.3.jar:/home/zhangchenxu/apache-maven-3.9.6/repo/org/assertj/assertj-core/3.24.2/assertj-core-3.24.2.jar:/home/zhangchenxu/apache-maven-3.9.6/repo/net/bytebuddy/byte-buddy/1.14.12/byte-buddy-1.14.12.jar:/home/zhangchenxu/apache-maven-3.9.6/repo/org/awaitility/awaitility/4.2.0/awaitility-4.2.0.jar:/home/zhangchenxu/apache-maven-3.9.6/repo/org/hamcrest/hamcrest/2.2/hamcrest-2.2.jar:/home/zhangchenxu/apache-maven-3.9.6/repo/org/junit/jupiter/junit-jupiter/5.10.2/junit-jupiter-5.10.2.jar:/home/zhangchenxu/apache-maven-3.9.6/repo/org/junit/jupiter/junit-jupiter-api/5.10.2/junit-jupiter-api-5.10.2.jar:/home/zhangchenxu/apache-maven-3.9.6/repo/org/opentest4j/opentest4j/1.3.0/opentest4j-1.3.0.jar:/home/zhangchenxu/apache-maven-3.9.6/repo/org/junit/platform/junit-platform-commons/1.10.2/junit-platform-commons-1.10.2.jar:/home/zhangchenxu/apache-maven-3.9.6/repo/org/apiguardian/apiguardian-api/1.1.2/apiguardian-api-1.1.2.jar:/home/zhangchenxu/apache-maven-3.9.6/repo/org/junit/jupiter/junit-jupiter-params/5.10.2/junit-jupiter-params-5.10.2.jar:/home/zhangchenxu/apache-maven-3.9.6/repo/org/junit/jupiter/junit-jupiter-engine/5.10.2/junit-jupiter-engine-5.10.2.jar:/home/zhangchenxu/apache-maven-3.9.6/repo/org/junit/platform/junit-platform-engine/1.10.2/junit-platform-engine-1.10.2.jar:/home/zhangchenxu/apache-maven-3.9.6/repo/org/mockito/mockito-core/5.7.0/mockito-core-5.7.0.jar:/home/zhangchenxu/apache-maven-3.9.6/repo/net/bytebuddy/byte-buddy-agent/1.14.12/byte-buddy-agent-1.14.12.jar:/home/zhangchenxu/apache-maven-3.9.6/repo/org/objenesis/objenesis/3.3/objenesis-3.3.jar:/home/zhangchenxu/apache-maven-3.9.6/repo/org/mockito/mockito-junit-jupiter/5.7.0/mockito-junit-jupiter-5.7.0.jar:/home/zhangchenxu/apache-maven-3.9.6/repo/org/skyscreamer/jsonassert/1.5.1/jsonassert-1.5.1.jar:/home/zhangchenxu/apache-maven-3.9.6/repo/com/vaadin/external/google/android-json/0.0.20131108.vaadin1/android-json-0.0.20131108.vaadin1.jar:/home/zhangchenxu/apache-maven-3.9.6/repo/org/springframework/spring-core/6.1.5/spring-core-6.1.5.jar:/home/zhangchenxu/apache-maven-3.9.6/repo/org/springframework/spring-jcl/6.1.5/spring-jcl-6.1.5.jar:/home/zhangchenxu/apache-maven-3.9.6/repo/org/springframework/spring-test/6.1.5/spring-test-6.1.5.jar:/home/zhangchenxu/apache-maven-3.9.6/repo/org/xmlunit/xmlunit-core/2.9.1/xmlunit-core-2.9.1.jar:/home/zhangchenxu/apache-maven-3.9.6/repo/org/mybatis/spring/boot/mybatis-spring-boot-starter-test/3.0.3/mybatis-spring-boot-starter-test-3.0.3.jar:/home/zhangchenxu/apache-maven-3.9.6/repo/org/mybatis/spring/boot/mybatis-spring-boot-test-autoconfigure/3.0.3/mybatis-spring-boot-test-autoconfigure-3.0.3.jar:/home/zhangchenxu/apache-maven-3.9.6/repo/org/springframework/spring-tx/6.1.5/spring-tx-6.1.5.jar:/home/zhangchenxu/apache-maven-3.9.6/repo/org/projectlombok/lombok/1.18.30/lombok-1.18.30.jar:"/>
    <property name="sun.cpu.endian" value="little"/>
    <property name="user.home" value="/home/zhangchenxu"/>
    <property name="user.language" value="zh"/>
    <property name="java.specification.vendor" value="Oracle Corporation"/>
    <property name="java.version.date" value="2021-10-19"/>
    <property name="java.home" value="/usr/lib/jvm/java-17-openjdk-amd64"/>
    <property name="file.separator" value="/"/>
    <property name="basedir" value="/persistent/home/zhangchenxu/IdeaProjects/taiho-Vue"/>
    <property name="java.vm.compressedOopsMode" value="Zero based"/>
    <property name="line.separator" value="&#10;"/>
    <property name="java.specification.name" value="Java Platform API Specification"/>
    <property name="java.vm.specification.vendor" value="Oracle Corporation"/>
    <property name="FILE_LOG_CHARSET" value="UTF-8"/>
    <property name="java.awt.headless" value="true"/>
    <property name="surefire.real.class.path" value="/persistent/home/zhangchenxu/IdeaProjects/taiho-Vue/target/surefire/surefirebooter-20240407210434461_3.jar"/>
    <property name="sun.management.compiler" value="HotSpot 64-Bit Tiered Compilers"/>
    <property name="java.runtime.version" value="17.0.1+12-Deepin-1"/>
    <property name="user.name" value="zhangchenxu"/>
    <property name="path.separator" value=":"/>
    <property name="os.version" value="6.6.21-amd64-desktop-hwe"/>
    <property name="java.runtime.name" value="OpenJDK Runtime Environment"/>
    <property name="file.encoding" value="UTF-8"/>
    <property name="java.vm.name" value="OpenJDK 64-Bit Server VM"/>
    <property name="localRepository" value="/home/zhangchenxu/apache-maven-3.9.6/repo"/>
    <property name="java.vendor.url.bug" value="Unknown"/>
    <property name="java.io.tmpdir" value="/tmp"/>
    <property name="java.version" value="17.0.1"/>
    <property name="user.dir" value="/persistent/home/zhangchenxu/IdeaProjects/taiho-Vue"/>
    <property name="os.arch" value="amd64"/>
    <property name="java.vm.specification.name" value="Java Virtual Machine Specification"/>
    <property name="PID" value="90759"/>
    <property name="CONSOLE_LOG_CHARSET" value="UTF-8"/>
    <property name="native.encoding" value="UTF-8"/>
    <property name="java.library.path" value="/usr/java/packages/lib:/usr/lib/x86_64-linux-gnu/jni:/lib/x86_64-linux-gnu:/usr/lib/x86_64-linux-gnu:/usr/lib/jni:/lib:/usr/lib"/>
    <property name="java.vm.info" value="mixed mode, sharing"/>
    <property name="java.vendor" value="Deepin"/>
    <property name="java.vm.version" value="17.0.1+12-Deepin-1"/>
    <property name="sun.io.unicode.encoding" value="UnicodeLittle"/>
    <property name="java.class.version" value="61.0"/>
  </properties>
  <testcase name="contextLoads" classname="com.example.taihovue.TaihoVueApplicationTests" time="0.499">
    <system-out><![CDATA[21:04:35.034 [main] INFO org.springframework.test.context.support.AnnotationConfigContextLoaderUtils -- Could not detect default configuration classes for test class [com.example.taihovue.TaihoVueApplicationTests]: TaihoVueApplicationTests does not declare any static, non-private, non-final, nested classes annotated with @Configuration.
21:04:35.105 [main] INFO org.springframework.boot.test.context.SpringBootTestContextBootstrapper -- Found @SpringBootConfiguration com.example.taihovue.TaihoVueApplication for test class com.example.taihovue.TaihoVueApplicationTests

  .   ____          _            __ _ _
 /\\ / ___'_ __ _ _(_)_ __  __ _ \ \ \ \
( ( )\___ | '_ | '_| | '_ \/ _` | \ \ \ \
 \\/  ___)| |_)| | | | | || (_| |  ) ) ) )
  '  |____| .__|_| |_|_| |_\__, | / / / /
 =========|_|==============|___/=/_/_/_/
 :: Spring Boot ::                (v3.2.4)

2024-04-07T21:04:35.421+08:00  INFO 90759 --- [           main] c.e.taihovue.TaihoVueApplicationTests    : Starting TaihoVueApplicationTests using Java 17.0.1 with PID 90759 (started by zhangchenxu in /persistent/home/zhangchenxu/IdeaProjects/taiho-Vue)
2024-04-07T21:04:35.422+08:00  INFO 90759 --- [           main] c.e.taihovue.TaihoVueApplicationTests    : No active profile set, falling back to 1 default profile: "default"
2024-04-07T21:04:36.517+08:00  INFO 90759 --- [           main] c.e.taihovue.TaihoVueApplicationTests    : Started TaihoVueApplicationTests in 1.315 seconds (process running for 2.002)
]]></system-out>
  </testcase>
</testsuite>